2025-01-11 23:54:45,889 - INFO - Menyalin unitiled.txt ke folder C:\Users\LENOVO\Documents\Habbist\projectReal\ProgresProject\backend\playground\repoProject\resource\array...
2025-01-11 23:54:45,908 - INFO - Template berhasil disalin ke: C:\Users\LENOVO\Documents\Habbist\projectReal\ProgresProject\backend\playground\repoProject\resource\array\unitiled.txt
2025-01-11 23:54:45,908 - INFO - Menyalin unitiled.txt ke folder C:\Users\LENOVO\Documents\Habbist\projectReal\ProgresProject\backend\playground\repoProject\resource\AsynchronousJs...
2025-01-11 23:54:45,916 - INFO - Template berhasil disalin ke: C:\Users\LENOVO\Documents\Habbist\projectReal\ProgresProject\backend\playground\repoProject\resource\AsynchronousJs\unitiled.txt
2025-01-11 23:54:45,916 - INFO - Menyalin unitiled.txt ke folder C:\Users\LENOVO\Documents\Habbist\projectReal\ProgresProject\backend\playground\repoProject\resource\dataType...
2025-01-11 23:54:45,919 - INFO - Template berhasil disalin ke: C:\Users\LENOVO\Documents\Habbist\projectReal\ProgresProject\backend\playground\repoProject\resource\dataType\unitiled.txt
2025-01-11 23:54:45,919 - INFO - Menyalin unitiled.txt ke folder C:\Users\LENOVO\Documents\Habbist\projectReal\ProgresProject\backend\playground\repoProject\resource\DOM...
2025-01-11 23:54:45,921 - INFO - Template berhasil disalin ke: C:\Users\LENOVO\Documents\Habbist\projectReal\ProgresProject\backend\playground\repoProject\resource\DOM\unitiled.txt
2025-01-11 23:54:45,922 - INFO - Menyalin unitiled.txt ke folder C:\Users\LENOVO\Documents\Habbist\projectReal\ProgresProject\backend\playground\repoProject\resource\error...
2025-01-11 23:54:45,926 - INFO - Template berhasil disalin ke: C:\Users\LENOVO\Documents\Habbist\projectReal\ProgresProject\backend\playground\repoProject\resource\error\unitiled.txt
2025-01-11 23:54:45,926 - INFO - Menyalin unitiled.txt ke folder C:\Users\LENOVO\Documents\Habbist\projectReal\ProgresProject\backend\playground\repoProject\resource\eventHandling...
2025-01-11 23:54:45,929 - INFO - Template berhasil disalin ke: C:\Users\LENOVO\Documents\Habbist\projectReal\ProgresProject\backend\playground\repoProject\resource\eventHandling\unitiled.txt
2025-01-11 23:54:45,931 - INFO - Menyalin unitiled.txt ke folder C:\Users\LENOVO\Documents\Habbist\projectReal\ProgresProject\backend\playground\repoProject\resource\function...
2025-01-11 23:54:45,934 - INFO - Template berhasil disalin ke: C:\Users\LENOVO\Documents\Habbist\projectReal\ProgresProject\backend\playground\repoProject\resource\function\unitiled.txt
2025-01-11 23:54:45,935 - INFO - Menyalin unitiled.txt ke folder C:\Users\LENOVO\Documents\Habbist\projectReal\ProgresProject\backend\playground\repoProject\resource\ifElse...
2025-01-11 23:54:45,937 - INFO - Template berhasil disalin ke: C:\Users\LENOVO\Documents\Habbist\projectReal\ProgresProject\backend\playground\repoProject\resource\ifElse\unitiled.txt
2025-01-11 23:54:45,938 - INFO - Menyalin unitiled.txt ke folder C:\Users\LENOVO\Documents\Habbist\projectReal\ProgresProject\backend\playground\repoProject\resource\JsIntroduce...
2025-01-11 23:54:45,944 - INFO - Template berhasil disalin ke: C:\Users\LENOVO\Documents\Habbist\projectReal\ProgresProject\backend\playground\repoProject\resource\JsIntroduce\unitiled.txt
2025-01-11 23:54:45,947 - INFO - Menyalin unitiled.txt ke folder C:\Users\LENOVO\Documents\Habbist\projectReal\ProgresProject\backend\playground\repoProject\resource\loops...
2025-01-11 23:54:45,949 - INFO - Template berhasil disalin ke: C:\Users\LENOVO\Documents\Habbist\projectReal\ProgresProject\backend\playground\repoProject\resource\loops\unitiled.txt
2025-01-11 23:54:45,951 - INFO - Menyalin unitiled.txt ke folder C:\Users\LENOVO\Documents\Habbist\projectReal\ProgresProject\backend\playground\repoProject\resource\operator...
2025-01-11 23:54:45,954 - INFO - Template berhasil disalin ke: C:\Users\LENOVO\Documents\Habbist\projectReal\ProgresProject\backend\playground\repoProject\resource\operator\unitiled.txt
2025-01-11 23:54:45,956 - INFO - Menyalin unitiled.txt ke folder C:\Users\LENOVO\Documents\Habbist\projectReal\ProgresProject\backend\playground\repoProject\resource\switchStatement...
2025-01-11 23:54:45,961 - INFO - Template berhasil disalin ke: C:\Users\LENOVO\Documents\Habbist\projectReal\ProgresProject\backend\playground\repoProject\resource\switchStatement\unitiled.txt
2025-01-11 23:54:45,963 - INFO - Menyalin unitiled.txt ke folder C:\Users\LENOVO\Documents\Habbist\projectReal\ProgresProject\backend\playground\repoProject\resource\varDeclaration...
2025-01-11 23:54:45,967 - INFO - Template berhasil disalin ke: C:\Users\LENOVO\Documents\Habbist\projectReal\ProgresProject\backend\playground\repoProject\resource\varDeclaration\unitiled.txt
2025-01-11 23:54:45,968 - INFO - Menyalin unitiled.txt ke folder C:\Users\LENOVO\Documents\Habbist\projectReal\ProgresProject\backend\playground\repoProject\resource\array\download...
2025-01-11 23:54:45,970 - INFO - Template berhasil disalin ke: C:\Users\LENOVO\Documents\Habbist\projectReal\ProgresProject\backend\playground\repoProject\resource\array\download\unitiled.txt
2025-01-11 23:54:45,973 - INFO - Menyalin unitiled.txt ke folder C:\Users\LENOVO\Documents\Habbist\projectReal\ProgresProject\backend\playground\repoProject\resource\array\download\md...
2025-01-11 23:54:45,980 - INFO - Template berhasil disalin ke: C:\Users\LENOVO\Documents\Habbist\projectReal\ProgresProject\backend\playground\repoProject\resource\array\download\md\unitiled.txt
2025-01-11 23:54:45,981 - INFO - Menyalin unitiled.txt ke folder C:\Users\LENOVO\Documents\Habbist\projectReal\ProgresProject\backend\playground\repoProject\resource\array\download\pdf...
2025-01-11 23:54:45,984 - INFO - Template berhasil disalin ke: C:\Users\LENOVO\Documents\Habbist\projectReal\ProgresProject\backend\playground\repoProject\resource\array\download\pdf\unitiled.txt
2025-01-11 23:54:45,986 - INFO - Menyalin unitiled.txt ke folder C:\Users\LENOVO\Documents\Habbist\projectReal\ProgresProject\backend\playground\repoProject\resource\AsynchronousJs\download...
2025-01-11 23:54:45,991 - INFO - Template berhasil disalin ke: C:\Users\LENOVO\Documents\Habbist\projectReal\ProgresProject\backend\playground\repoProject\resource\AsynchronousJs\download\unitiled.txt
2025-01-11 23:54:45,993 - INFO - Menyalin unitiled.txt ke folder C:\Users\LENOVO\Documents\Habbist\projectReal\ProgresProject\backend\playground\repoProject\resource\AsynchronousJs\download\md...
2025-01-11 23:54:45,998 - INFO - Template berhasil disalin ke: C:\Users\LENOVO\Documents\Habbist\projectReal\ProgresProject\backend\playground\repoProject\resource\AsynchronousJs\download\md\unitiled.txt
2025-01-11 23:54:45,999 - INFO - Menyalin unitiled.txt ke folder C:\Users\LENOVO\Documents\Habbist\projectReal\ProgresProject\backend\playground\repoProject\resource\AsynchronousJs\download\pdf...
2025-01-11 23:54:46,002 - INFO - Template berhasil disalin ke: C:\Users\LENOVO\Documents\Habbist\projectReal\ProgresProject\backend\playground\repoProject\resource\AsynchronousJs\download\pdf\unitiled.txt
2025-01-11 23:54:46,006 - INFO - Menyalin unitiled.txt ke folder C:\Users\LENOVO\Documents\Habbist\projectReal\ProgresProject\backend\playground\repoProject\resource\dataType\download...
2025-01-11 23:54:46,009 - INFO - Template berhasil disalin ke: C:\Users\LENOVO\Documents\Habbist\projectReal\ProgresProject\backend\playground\repoProject\resource\dataType\download\unitiled.txt
2025-01-11 23:54:46,010 - INFO - Menyalin unitiled.txt ke folder C:\Users\LENOVO\Documents\Habbist\projectReal\ProgresProject\backend\playground\repoProject\resource\dataType\download\md...
2025-01-11 23:54:46,014 - INFO - Template berhasil disalin ke: C:\Users\LENOVO\Documents\Habbist\projectReal\ProgresProject\backend\playground\repoProject\resource\dataType\download\md\unitiled.txt
2025-01-11 23:54:46,015 - INFO - Menyalin unitiled.txt ke folder C:\Users\LENOVO\Documents\Habbist\projectReal\ProgresProject\backend\playground\repoProject\resource\dataType\download\pdf...
2025-01-11 23:54:46,017 - INFO - Template berhasil disalin ke: C:\Users\LENOVO\Documents\Habbist\projectReal\ProgresProject\backend\playground\repoProject\resource\dataType\download\pdf\unitiled.txt
2025-01-11 23:54:46,019 - INFO - Menyalin unitiled.txt ke folder C:\Users\LENOVO\Documents\Habbist\projectReal\ProgresProject\backend\playground\repoProject\resource\DOM\download...
2025-01-11 23:54:46,021 - INFO - Template berhasil disalin ke: C:\Users\LENOVO\Documents\Habbist\projectReal\ProgresProject\backend\playground\repoProject\resource\DOM\download\unitiled.txt
2025-01-11 23:54:46,025 - INFO - Menyalin unitiled.txt ke folder C:\Users\LENOVO\Documents\Habbist\projectReal\ProgresProject\backend\playground\repoProject\resource\DOM\download\md...
2025-01-11 23:54:46,028 - INFO - Template berhasil disalin ke: C:\Users\LENOVO\Documents\Habbist\projectReal\ProgresProject\backend\playground\repoProject\resource\DOM\download\md\unitiled.txt
2025-01-11 23:54:46,030 - INFO - Menyalin unitiled.txt ke folder C:\Users\LENOVO\Documents\Habbist\projectReal\ProgresProject\backend\playground\repoProject\resource\DOM\download\pdf...
2025-01-11 23:54:46,033 - INFO - Template berhasil disalin ke: C:\Users\LENOVO\Documents\Habbist\projectReal\ProgresProject\backend\playground\repoProject\resource\DOM\download\pdf\unitiled.txt
2025-01-11 23:54:46,035 - INFO - Menyalin unitiled.txt ke folder C:\Users\LENOVO\Documents\Habbist\projectReal\ProgresProject\backend\playground\repoProject\resource\error\download...
2025-01-11 23:54:46,037 - INFO - Template berhasil disalin ke: C:\Users\LENOVO\Documents\Habbist\projectReal\ProgresProject\backend\playground\repoProject\resource\error\download\unitiled.txt
2025-01-11 23:54:46,039 - INFO - Menyalin unitiled.txt ke folder C:\Users\LENOVO\Documents\Habbist\projectReal\ProgresProject\backend\playground\repoProject\resource\error\download\md...
2025-01-11 23:54:46,043 - INFO - Template berhasil disalin ke: C:\Users\LENOVO\Documents\Habbist\projectReal\ProgresProject\backend\playground\repoProject\resource\error\download\md\unitiled.txt
2025-01-11 23:54:46,045 - INFO - Menyalin unitiled.txt ke folder C:\Users\LENOVO\Documents\Habbist\projectReal\ProgresProject\backend\playground\repoProject\resource\error\download\pdf...
2025-01-11 23:54:46,050 - INFO - Template berhasil disalin ke: C:\Users\LENOVO\Documents\Habbist\projectReal\ProgresProject\backend\playground\repoProject\resource\error\download\pdf\unitiled.txt
2025-01-11 23:54:46,053 - INFO - Menyalin unitiled.txt ke folder C:\Users\LENOVO\Documents\Habbist\projectReal\ProgresProject\backend\playground\repoProject\resource\eventHandling\download...
2025-01-11 23:54:46,059 - INFO - Template berhasil disalin ke: C:\Users\LENOVO\Documents\Habbist\projectReal\ProgresProject\backend\playground\repoProject\resource\eventHandling\download\unitiled.txt
2025-01-11 23:54:46,061 - INFO - Menyalin unitiled.txt ke folder C:\Users\LENOVO\Documents\Habbist\projectReal\ProgresProject\backend\playground\repoProject\resource\eventHandling\download\md...
2025-01-11 23:54:46,066 - INFO - Template berhasil disalin ke: C:\Users\LENOVO\Documents\Habbist\projectReal\ProgresProject\backend\playground\repoProject\resource\eventHandling\download\md\unitiled.txt
2025-01-11 23:54:46,067 - INFO - Menyalin unitiled.txt ke folder C:\Users\LENOVO\Documents\Habbist\projectReal\ProgresProject\backend\playground\repoProject\resource\eventHandling\download\pdf...
2025-01-11 23:54:46,070 - INFO - Template berhasil disalin ke: C:\Users\LENOVO\Documents\Habbist\projectReal\ProgresProject\backend\playground\repoProject\resource\eventHandling\download\pdf\unitiled.txt
2025-01-11 23:54:46,074 - INFO - Menyalin unitiled.txt ke folder C:\Users\LENOVO\Documents\Habbist\projectReal\ProgresProject\backend\playground\repoProject\resource\function\download...
2025-01-11 23:54:46,077 - INFO - Template berhasil disalin ke: C:\Users\LENOVO\Documents\Habbist\projectReal\ProgresProject\backend\playground\repoProject\resource\function\download\unitiled.txt
2025-01-11 23:54:46,080 - INFO - Menyalin unitiled.txt ke folder C:\Users\LENOVO\Documents\Habbist\projectReal\ProgresProject\backend\playground\repoProject\resource\function\download\md...
2025-01-11 23:54:46,083 - INFO - Template berhasil disalin ke: C:\Users\LENOVO\Documents\Habbist\projectReal\ProgresProject\backend\playground\repoProject\resource\function\download\md\unitiled.txt
2025-01-11 23:54:46,084 - INFO - Menyalin unitiled.txt ke folder C:\Users\LENOVO\Documents\Habbist\projectReal\ProgresProject\backend\playground\repoProject\resource\function\download\pdf...
2025-01-11 23:54:46,086 - INFO - Template berhasil disalin ke: C:\Users\LENOVO\Documents\Habbist\projectReal\ProgresProject\backend\playground\repoProject\resource\function\download\pdf\unitiled.txt
2025-01-11 23:54:46,091 - INFO - Menyalin unitiled.txt ke folder C:\Users\LENOVO\Documents\Habbist\projectReal\ProgresProject\backend\playground\repoProject\resource\ifElse\download...
2025-01-11 23:54:46,093 - INFO - Template berhasil disalin ke: C:\Users\LENOVO\Documents\Habbist\projectReal\ProgresProject\backend\playground\repoProject\resource\ifElse\download\unitiled.txt
2025-01-11 23:54:46,095 - INFO - Menyalin unitiled.txt ke folder C:\Users\LENOVO\Documents\Habbist\projectReal\ProgresProject\backend\playground\repoProject\resource\ifElse\download\md...
2025-01-11 23:54:46,098 - INFO - Template berhasil disalin ke: C:\Users\LENOVO\Documents\Habbist\projectReal\ProgresProject\backend\playground\repoProject\resource\ifElse\download\md\unitiled.txt
2025-01-11 23:54:46,100 - INFO - Menyalin unitiled.txt ke folder C:\Users\LENOVO\Documents\Habbist\projectReal\ProgresProject\backend\playground\repoProject\resource\ifElse\download\pdf...
2025-01-11 23:54:46,102 - INFO - Template berhasil disalin ke: C:\Users\LENOVO\Documents\Habbist\projectReal\ProgresProject\backend\playground\repoProject\resource\ifElse\download\pdf\unitiled.txt
2025-01-11 23:54:46,104 - INFO - Menyalin unitiled.txt ke folder C:\Users\LENOVO\Documents\Habbist\projectReal\ProgresProject\backend\playground\repoProject\resource\JsIntroduce\download...
2025-01-11 23:54:46,108 - INFO - Template berhasil disalin ke: C:\Users\LENOVO\Documents\Habbist\projectReal\ProgresProject\backend\playground\repoProject\resource\JsIntroduce\download\unitiled.txt
2025-01-11 23:54:46,110 - INFO - Menyalin unitiled.txt ke folder C:\Users\LENOVO\Documents\Habbist\projectReal\ProgresProject\backend\playground\repoProject\resource\JsIntroduce\download\md...
2025-01-11 23:54:46,112 - INFO - Template berhasil disalin ke: C:\Users\LENOVO\Documents\Habbist\projectReal\ProgresProject\backend\playground\repoProject\resource\JsIntroduce\download\md\unitiled.txt
2025-01-11 23:54:46,114 - INFO - Menyalin unitiled.txt ke folder C:\Users\LENOVO\Documents\Habbist\projectReal\ProgresProject\backend\playground\repoProject\resource\JsIntroduce\download\pdf...
2025-01-11 23:54:46,116 - INFO - Template berhasil disalin ke: C:\Users\LENOVO\Documents\Habbist\projectReal\ProgresProject\backend\playground\repoProject\resource\JsIntroduce\download\pdf\unitiled.txt
2025-01-11 23:54:46,118 - INFO - Menyalin unitiled.txt ke folder C:\Users\LENOVO\Documents\Habbist\projectReal\ProgresProject\backend\playground\repoProject\resource\loops\download...
2025-01-11 23:54:46,121 - INFO - Template berhasil disalin ke: C:\Users\LENOVO\Documents\Habbist\projectReal\ProgresProject\backend\playground\repoProject\resource\loops\download\unitiled.txt
2025-01-11 23:54:46,124 - INFO - Menyalin unitiled.txt ke folder C:\Users\LENOVO\Documents\Habbist\projectReal\ProgresProject\backend\playground\repoProject\resource\loops\download\md...
2025-01-11 23:54:46,126 - INFO - Template berhasil disalin ke: C:\Users\LENOVO\Documents\Habbist\projectReal\ProgresProject\backend\playground\repoProject\resource\loops\download\md\unitiled.txt
2025-01-11 23:54:46,127 - INFO - Menyalin unitiled.txt ke folder C:\Users\LENOVO\Documents\Habbist\projectReal\ProgresProject\backend\playground\repoProject\resource\loops\download\pdf...
2025-01-11 23:54:46,131 - INFO - Template berhasil disalin ke: C:\Users\LENOVO\Documents\Habbist\projectReal\ProgresProject\backend\playground\repoProject\resource\loops\download\pdf\unitiled.txt
2025-01-11 23:54:46,133 - INFO - Menyalin unitiled.txt ke folder C:\Users\LENOVO\Documents\Habbist\projectReal\ProgresProject\backend\playground\repoProject\resource\operator\download...
2025-01-11 23:54:46,136 - INFO - Template berhasil disalin ke: C:\Users\LENOVO\Documents\Habbist\projectReal\ProgresProject\backend\playground\repoProject\resource\operator\download\unitiled.txt
2025-01-11 23:54:46,137 - INFO - Menyalin unitiled.txt ke folder C:\Users\LENOVO\Documents\Habbist\projectReal\ProgresProject\backend\playground\repoProject\resource\operator\download\md...
2025-01-11 23:54:46,141 - INFO - Template berhasil disalin ke: C:\Users\LENOVO\Documents\Habbist\projectReal\ProgresProject\backend\playground\repoProject\resource\operator\download\md\unitiled.txt
2025-01-11 23:54:46,143 - INFO - Menyalin unitiled.txt ke folder C:\Users\LENOVO\Documents\Habbist\projectReal\ProgresProject\backend\playground\repoProject\resource\operator\download\pdf...
2025-01-11 23:54:46,147 - INFO - Template berhasil disalin ke: C:\Users\LENOVO\Documents\Habbist\projectReal\ProgresProject\backend\playground\repoProject\resource\operator\download\pdf\unitiled.txt
2025-01-11 23:54:46,149 - INFO - Menyalin unitiled.txt ke folder C:\Users\LENOVO\Documents\Habbist\projectReal\ProgresProject\backend\playground\repoProject\resource\switchStatement\download...
2025-01-11 23:54:46,152 - INFO - Template berhasil disalin ke: C:\Users\LENOVO\Documents\Habbist\projectReal\ProgresProject\backend\playground\repoProject\resource\switchStatement\download\unitiled.txt
2025-01-11 23:54:46,153 - INFO - Menyalin unitiled.txt ke folder C:\Users\LENOVO\Documents\Habbist\projectReal\ProgresProject\backend\playground\repoProject\resource\switchStatement\download\md...
2025-01-11 23:54:46,157 - INFO - Template berhasil disalin ke: C:\Users\LENOVO\Documents\Habbist\projectReal\ProgresProject\backend\playground\repoProject\resource\switchStatement\download\md\unitiled.txt
2025-01-11 23:54:46,158 - INFO - Menyalin unitiled.txt ke folder C:\Users\LENOVO\Documents\Habbist\projectReal\ProgresProject\backend\playground\repoProject\resource\switchStatement\download\pdf...
2025-01-11 23:54:46,160 - INFO - Template berhasil disalin ke: C:\Users\LENOVO\Documents\Habbist\projectReal\ProgresProject\backend\playground\repoProject\resource\switchStatement\download\pdf\unitiled.txt
2025-01-11 23:54:46,163 - INFO - Menyalin unitiled.txt ke folder C:\Users\LENOVO\Documents\Habbist\projectReal\ProgresProject\backend\playground\repoProject\resource\varDeclaration\download...
2025-01-11 23:54:46,166 - INFO - Template berhasil disalin ke: C:\Users\LENOVO\Documents\Habbist\projectReal\ProgresProject\backend\playground\repoProject\resource\varDeclaration\download\unitiled.txt
2025-01-11 23:54:46,167 - INFO - Menyalin unitiled.txt ke folder C:\Users\LENOVO\Documents\Habbist\projectReal\ProgresProject\backend\playground\repoProject\resource\varDeclaration\download\md...
2025-01-11 23:54:46,170 - INFO - Template berhasil disalin ke: C:\Users\LENOVO\Documents\Habbist\projectReal\ProgresProject\backend\playground\repoProject\resource\varDeclaration\download\md\unitiled.txt
2025-01-11 23:54:46,172 - INFO - Menyalin unitiled.txt ke folder C:\Users\LENOVO\Documents\Habbist\projectReal\ProgresProject\backend\playground\repoProject\resource\varDeclaration\download\pdf...
2025-01-11 23:54:46,175 - INFO - Template berhasil disalin ke: C:\Users\LENOVO\Documents\Habbist\projectReal\ProgresProject\backend\playground\repoProject\resource\varDeclaration\download\pdf\unitiled.txt
2025-01-12 14:01:48,057 - INFO - Menyalin index.html ke folder C:\Users\LENOVO\Documents\Habbist\projectReal\ProgresProject\backend\playground\repoProject\resource\array...
2025-01-12 14:01:48,081 - INFO - Template berhasil disalin ke: C:\Users\LENOVO\Documents\Habbist\projectReal\ProgresProject\backend\playground\repoProject\resource\array\index.html
2025-01-12 14:01:48,082 - INFO - Menyalin index.html ke folder C:\Users\LENOVO\Documents\Habbist\projectReal\ProgresProject\backend\playground\repoProject\resource\AsynchronousJs...
2025-01-12 14:01:48,114 - INFO - Template berhasil disalin ke: C:\Users\LENOVO\Documents\Habbist\projectReal\ProgresProject\backend\playground\repoProject\resource\AsynchronousJs\index.html
2025-01-12 14:01:48,115 - INFO - Menyalin index.html ke folder C:\Users\LENOVO\Documents\Habbist\projectReal\ProgresProject\backend\playground\repoProject\resource\dataType...
2025-01-12 14:01:48,131 - INFO - Template berhasil disalin ke: C:\Users\LENOVO\Documents\Habbist\projectReal\ProgresProject\backend\playground\repoProject\resource\dataType\index.html
2025-01-12 14:01:48,133 - INFO - Menyalin index.html ke folder C:\Users\LENOVO\Documents\Habbist\projectReal\ProgresProject\backend\playground\repoProject\resource\DOM...
2025-01-12 14:01:48,138 - INFO - Template berhasil disalin ke: C:\Users\LENOVO\Documents\Habbist\projectReal\ProgresProject\backend\playground\repoProject\resource\DOM\index.html
2025-01-12 14:01:48,145 - INFO - Menyalin index.html ke folder C:\Users\LENOVO\Documents\Habbist\projectReal\ProgresProject\backend\playground\repoProject\resource\error...
2025-01-12 14:01:48,147 - INFO - Template berhasil disalin ke: C:\Users\LENOVO\Documents\Habbist\projectReal\ProgresProject\backend\playground\repoProject\resource\error\index.html
2025-01-12 14:01:48,151 - INFO - Menyalin index.html ke folder C:\Users\LENOVO\Documents\Habbist\projectReal\ProgresProject\backend\playground\repoProject\resource\eventHandling...
2025-01-12 14:01:48,153 - INFO - Template berhasil disalin ke: C:\Users\LENOVO\Documents\Habbist\projectReal\ProgresProject\backend\playground\repoProject\resource\eventHandling\index.html
2025-01-12 14:01:48,155 - INFO - Menyalin index.html ke folder C:\Users\LENOVO\Documents\Habbist\projectReal\ProgresProject\backend\playground\repoProject\resource\function...
2025-01-12 14:01:48,159 - INFO - Template berhasil disalin ke: C:\Users\LENOVO\Documents\Habbist\projectReal\ProgresProject\backend\playground\repoProject\resource\function\index.html
2025-01-12 14:01:48,161 - INFO - Menyalin index.html ke folder C:\Users\LENOVO\Documents\Habbist\projectReal\ProgresProject\backend\playground\repoProject\resource\ifElse...
2025-01-12 14:01:48,164 - INFO - Template berhasil disalin ke: C:\Users\LENOVO\Documents\Habbist\projectReal\ProgresProject\backend\playground\repoProject\resource\ifElse\index.html
2025-01-12 14:01:48,168 - INFO - Menyalin index.html ke folder C:\Users\LENOVO\Documents\Habbist\projectReal\ProgresProject\backend\playground\repoProject\resource\JsIntroduce...
2025-01-12 14:01:48,171 - INFO - Template berhasil disalin ke: C:\Users\LENOVO\Documents\Habbist\projectReal\ProgresProject\backend\playground\repoProject\resource\JsIntroduce\index.html
2025-01-12 14:01:48,172 - INFO - Menyalin index.html ke folder C:\Users\LENOVO\Documents\Habbist\projectReal\ProgresProject\backend\playground\repoProject\resource\loops...
2025-01-12 14:01:48,175 - INFO - Template berhasil disalin ke: C:\Users\LENOVO\Documents\Habbist\projectReal\ProgresProject\backend\playground\repoProject\resource\loops\index.html
2025-01-12 14:01:48,179 - INFO - Menyalin index.html ke folder C:\Users\LENOVO\Documents\Habbist\projectReal\ProgresProject\backend\playground\repoProject\resource\operator...
2025-01-12 14:01:48,190 - INFO - Template berhasil disalin ke: C:\Users\LENOVO\Documents\Habbist\projectReal\ProgresProject\backend\playground\repoProject\resource\operator\index.html
2025-01-12 14:01:48,191 - INFO - Menyalin index.html ke folder C:\Users\LENOVO\Documents\Habbist\projectReal\ProgresProject\backend\playground\repoProject\resource\switchStatement...
2025-01-12 14:01:48,193 - INFO - Template berhasil disalin ke: C:\Users\LENOVO\Documents\Habbist\projectReal\ProgresProject\backend\playground\repoProject\resource\switchStatement\index.html
2025-01-12 14:01:48,194 - INFO - Menyalin index.html ke folder C:\Users\LENOVO\Documents\Habbist\projectReal\ProgresProject\backend\playground\repoProject\resource\varDeclaration...
2025-01-12 14:01:48,207 - INFO - Template berhasil disalin ke: C:\Users\LENOVO\Documents\Habbist\projectReal\ProgresProject\backend\playground\repoProject\resource\varDeclaration\index.html
2025-01-12 14:01:48,208 - INFO - Menyalin index.html ke folder C:\Users\LENOVO\Documents\Habbist\projectReal\ProgresProject\backend\playground\repoProject\resource\array\download...
2025-01-12 14:01:48,218 - INFO - Template berhasil disalin ke: C:\Users\LENOVO\Documents\Habbist\projectReal\ProgresProject\backend\playground\repoProject\resource\array\download\index.html
2025-01-12 14:01:48,220 - INFO - Menyalin index.html ke folder C:\Users\LENOVO\Documents\Habbist\projectReal\ProgresProject\backend\playground\repoProject\resource\array\download\md...
2025-01-12 14:01:48,224 - INFO - Template berhasil disalin ke: C:\Users\LENOVO\Documents\Habbist\projectReal\ProgresProject\backend\playground\repoProject\resource\array\download\md\index.html
2025-01-12 14:01:48,226 - INFO - Menyalin index.html ke folder C:\Users\LENOVO\Documents\Habbist\projectReal\ProgresProject\backend\playground\repoProject\resource\array\download\pdf...
2025-01-12 14:01:48,236 - INFO - Template berhasil disalin ke: C:\Users\LENOVO\Documents\Habbist\projectReal\ProgresProject\backend\playground\repoProject\resource\array\download\pdf\index.html
2025-01-12 14:01:48,242 - INFO - Menyalin index.html ke folder C:\Users\LENOVO\Documents\Habbist\projectReal\ProgresProject\backend\playground\repoProject\resource\AsynchronousJs\download...
2025-01-12 14:01:48,245 - INFO - Template berhasil disalin ke: C:\Users\LENOVO\Documents\Habbist\projectReal\ProgresProject\backend\playground\repoProject\resource\AsynchronousJs\download\index.html
2025-01-12 14:01:48,252 - INFO - Menyalin index.html ke folder C:\Users\LENOVO\Documents\Habbist\projectReal\ProgresProject\backend\playground\repoProject\resource\AsynchronousJs\download\md...
2025-01-12 14:01:48,263 - INFO - Template berhasil disalin ke: C:\Users\LENOVO\Documents\Habbist\projectReal\ProgresProject\backend\playground\repoProject\resource\AsynchronousJs\download\md\index.html
2025-01-12 14:01:48,269 - INFO - Menyalin index.html ke folder C:\Users\LENOVO\Documents\Habbist\projectReal\ProgresProject\backend\playground\repoProject\resource\AsynchronousJs\download\pdf...
2025-01-12 14:01:48,271 - INFO - Template berhasil disalin ke: C:\Users\LENOVO\Documents\Habbist\projectReal\ProgresProject\backend\playground\repoProject\resource\AsynchronousJs\download\pdf\index.html
2025-01-12 14:01:48,281 - INFO - Menyalin index.html ke folder C:\Users\LENOVO\Documents\Habbist\projectReal\ProgresProject\backend\playground\repoProject\resource\dataType\download...
2025-01-12 14:01:48,288 - INFO - Template berhasil disalin ke: C:\Users\LENOVO\Documents\Habbist\projectReal\ProgresProject\backend\playground\repoProject\resource\dataType\download\index.html
2025-01-12 14:01:48,308 - INFO - Menyalin index.html ke folder C:\Users\LENOVO\Documents\Habbist\projectReal\ProgresProject\backend\playground\repoProject\resource\dataType\download\md...
2025-01-12 14:01:48,315 - INFO - Template berhasil disalin ke: C:\Users\LENOVO\Documents\Habbist\projectReal\ProgresProject\backend\playground\repoProject\resource\dataType\download\md\index.html
2025-01-12 14:01:48,316 - INFO - Menyalin index.html ke folder C:\Users\LENOVO\Documents\Habbist\projectReal\ProgresProject\backend\playground\repoProject\resource\dataType\download\pdf...
2025-01-12 14:01:48,320 - INFO - Template berhasil disalin ke: C:\Users\LENOVO\Documents\Habbist\projectReal\ProgresProject\backend\playground\repoProject\resource\dataType\download\pdf\index.html
2025-01-12 14:01:48,327 - INFO - Menyalin index.html ke folder C:\Users\LENOVO\Documents\Habbist\projectReal\ProgresProject\backend\playground\repoProject\resource\DOM\download...
2025-01-12 14:01:48,332 - INFO - Template berhasil disalin ke: C:\Users\LENOVO\Documents\Habbist\projectReal\ProgresProject\backend\playground\repoProject\resource\DOM\download\index.html
2025-01-12 14:01:48,334 - INFO - Menyalin index.html ke folder C:\Users\LENOVO\Documents\Habbist\projectReal\ProgresProject\backend\playground\repoProject\resource\DOM\download\md...
2025-01-12 14:01:48,341 - INFO - Template berhasil disalin ke: C:\Users\LENOVO\Documents\Habbist\projectReal\ProgresProject\backend\playground\repoProject\resource\DOM\download\md\index.html
2025-01-12 14:01:48,344 - INFO - Menyalin index.html ke folder C:\Users\LENOVO\Documents\Habbist\projectReal\ProgresProject\backend\playground\repoProject\resource\DOM\download\pdf...
2025-01-12 14:01:48,347 - INFO - Template berhasil disalin ke: C:\Users\LENOVO\Documents\Habbist\projectReal\ProgresProject\backend\playground\repoProject\resource\DOM\download\pdf\index.html
2025-01-12 14:01:48,350 - INFO - Menyalin index.html ke folder C:\Users\LENOVO\Documents\Habbist\projectReal\ProgresProject\backend\playground\repoProject\resource\error\download...
2025-01-12 14:01:48,361 - INFO - Template berhasil disalin ke: C:\Users\LENOVO\Documents\Habbist\projectReal\ProgresProject\backend\playground\repoProject\resource\error\download\index.html
2025-01-12 14:01:48,362 - INFO - Menyalin index.html ke folder C:\Users\LENOVO\Documents\Habbist\projectReal\ProgresProject\backend\playground\repoProject\resource\error\download\md...
2025-01-12 14:01:48,365 - INFO - Template berhasil disalin ke: C:\Users\LENOVO\Documents\Habbist\projectReal\ProgresProject\backend\playground\repoProject\resource\error\download\md\index.html
2025-01-12 14:01:48,366 - INFO - Menyalin index.html ke folder C:\Users\LENOVO\Documents\Habbist\projectReal\ProgresProject\backend\playground\repoProject\resource\error\download\pdf...
2025-01-12 14:01:48,371 - INFO - Template berhasil disalin ke: C:\Users\LENOVO\Documents\Habbist\projectReal\ProgresProject\backend\playground\repoProject\resource\error\download\pdf\index.html
2025-01-12 14:01:48,378 - INFO - Menyalin index.html ke folder C:\Users\LENOVO\Documents\Habbist\projectReal\ProgresProject\backend\playground\repoProject\resource\eventHandling\download...
2025-01-12 14:01:48,381 - INFO - Template berhasil disalin ke: C:\Users\LENOVO\Documents\Habbist\projectReal\ProgresProject\backend\playground\repoProject\resource\eventHandling\download\index.html
2025-01-12 14:01:48,386 - INFO - Menyalin index.html ke folder C:\Users\LENOVO\Documents\Habbist\projectReal\ProgresProject\backend\playground\repoProject\resource\eventHandling\download\md...
2025-01-12 14:01:48,394 - INFO - Template berhasil disalin ke: C:\Users\LENOVO\Documents\Habbist\projectReal\ProgresProject\backend\playground\repoProject\resource\eventHandling\download\md\index.html
2025-01-12 14:01:48,396 - INFO - Menyalin index.html ke folder C:\Users\LENOVO\Documents\Habbist\projectReal\ProgresProject\backend\playground\repoProject\resource\eventHandling\download\pdf...
2025-01-12 14:01:48,400 - INFO - Template berhasil disalin ke: C:\Users\LENOVO\Documents\Habbist\projectReal\ProgresProject\backend\playground\repoProject\resource\eventHandling\download\pdf\index.html
2025-01-12 14:01:48,403 - INFO - Menyalin index.html ke folder C:\Users\LENOVO\Documents\Habbist\projectReal\ProgresProject\backend\playground\repoProject\resource\function\download...
2025-01-12 14:01:48,405 - INFO - Template berhasil disalin ke: C:\Users\LENOVO\Documents\Habbist\projectReal\ProgresProject\backend\playground\repoProject\resource\function\download\index.html
2025-01-12 14:01:48,410 - INFO - Menyalin index.html ke folder C:\Users\LENOVO\Documents\Habbist\projectReal\ProgresProject\backend\playground\repoProject\resource\function\download\md...
2025-01-12 14:01:48,413 - INFO - Template berhasil disalin ke: C:\Users\LENOVO\Documents\Habbist\projectReal\ProgresProject\backend\playground\repoProject\resource\function\download\md\index.html
2025-01-12 14:01:48,414 - INFO - Menyalin index.html ke folder C:\Users\LENOVO\Documents\Habbist\projectReal\ProgresProject\backend\playground\repoProject\resource\function\download\pdf...
2025-01-12 14:01:48,416 - INFO - Template berhasil disalin ke: C:\Users\LENOVO\Documents\Habbist\projectReal\ProgresProject\backend\playground\repoProject\resource\function\download\pdf\index.html
2025-01-12 14:01:48,421 - INFO - Menyalin index.html ke folder C:\Users\LENOVO\Documents\Habbist\projectReal\ProgresProject\backend\playground\repoProject\resource\ifElse\download...
2025-01-12 14:01:48,430 - INFO - Template berhasil disalin ke: C:\Users\LENOVO\Documents\Habbist\projectReal\ProgresProject\backend\playground\repoProject\resource\ifElse\download\index.html
2025-01-12 14:01:48,432 - INFO - Menyalin index.html ke folder C:\Users\LENOVO\Documents\Habbist\projectReal\ProgresProject\backend\playground\repoProject\resource\ifElse\download\md...
2025-01-12 14:01:48,437 - INFO - Template berhasil disalin ke: C:\Users\LENOVO\Documents\Habbist\projectReal\ProgresProject\backend\playground\repoProject\resource\ifElse\download\md\index.html
2025-01-12 14:01:48,439 - INFO - Menyalin index.html ke folder C:\Users\LENOVO\Documents\Habbist\projectReal\ProgresProject\backend\playground\repoProject\resource\ifElse\download\pdf...
2025-01-12 14:01:48,446 - INFO - Template berhasil disalin ke: C:\Users\LENOVO\Documents\Habbist\projectReal\ProgresProject\backend\playground\repoProject\resource\ifElse\download\pdf\index.html
2025-01-12 14:01:48,452 - INFO - Menyalin index.html ke folder C:\Users\LENOVO\Documents\Habbist\projectReal\ProgresProject\backend\playground\repoProject\resource\JsIntroduce\download...
2025-01-12 14:01:48,455 - INFO - Template berhasil disalin ke: C:\Users\LENOVO\Documents\Habbist\projectReal\ProgresProject\backend\playground\repoProject\resource\JsIntroduce\download\index.html
2025-01-12 14:01:48,460 - INFO - Menyalin index.html ke folder C:\Users\LENOVO\Documents\Habbist\projectReal\ProgresProject\backend\playground\repoProject\resource\JsIntroduce\download\md...
2025-01-12 14:01:48,464 - INFO - Template berhasil disalin ke: C:\Users\LENOVO\Documents\Habbist\projectReal\ProgresProject\backend\playground\repoProject\resource\JsIntroduce\download\md\index.html
2025-01-12 14:01:48,465 - INFO - Menyalin index.html ke folder C:\Users\LENOVO\Documents\Habbist\projectReal\ProgresProject\backend\playground\repoProject\resource\JsIntroduce\download\pdf...
2025-01-12 14:01:48,469 - INFO - Template berhasil disalin ke: C:\Users\LENOVO\Documents\Habbist\projectReal\ProgresProject\backend\playground\repoProject\resource\JsIntroduce\download\pdf\index.html
2025-01-12 14:01:48,471 - INFO - Menyalin index.html ke folder C:\Users\LENOVO\Documents\Habbist\projectReal\ProgresProject\backend\playground\repoProject\resource\loops\download...
2025-01-12 14:01:48,479 - INFO - Template berhasil disalin ke: C:\Users\LENOVO\Documents\Habbist\projectReal\ProgresProject\backend\playground\repoProject\resource\loops\download\index.html
2025-01-12 14:01:48,481 - INFO - Menyalin index.html ke folder C:\Users\LENOVO\Documents\Habbist\projectReal\ProgresProject\backend\playground\repoProject\resource\loops\download\md...
2025-01-12 14:01:48,484 - INFO - Template berhasil disalin ke: C:\Users\LENOVO\Documents\Habbist\projectReal\ProgresProject\backend\playground\repoProject\resource\loops\download\md\index.html
2025-01-12 14:01:48,487 - INFO - Menyalin index.html ke folder C:\Users\LENOVO\Documents\Habbist\projectReal\ProgresProject\backend\playground\repoProject\resource\loops\download\pdf...
2025-01-12 14:01:48,491 - INFO - Template berhasil disalin ke: C:\Users\LENOVO\Documents\Habbist\projectReal\ProgresProject\backend\playground\repoProject\resource\loops\download\pdf\index.html
2025-01-12 14:01:48,495 - INFO - Menyalin index.html ke folder C:\Users\LENOVO\Documents\Habbist\projectReal\ProgresProject\backend\playground\repoProject\resource\operator\download...
2025-01-12 14:01:48,497 - INFO - Template berhasil disalin ke: C:\Users\LENOVO\Documents\Habbist\projectReal\ProgresProject\backend\playground\repoProject\resource\operator\download\index.html
2025-01-12 14:01:48,500 - INFO - Menyalin index.html ke folder C:\Users\LENOVO\Documents\Habbist\projectReal\ProgresProject\backend\playground\repoProject\resource\operator\download\md...
2025-01-12 14:01:48,503 - INFO - Template berhasil disalin ke: C:\Users\LENOVO\Documents\Habbist\projectReal\ProgresProject\backend\playground\repoProject\resource\operator\download\md\index.html
2025-01-12 14:01:48,504 - INFO - Menyalin index.html ke folder C:\Users\LENOVO\Documents\Habbist\projectReal\ProgresProject\backend\playground\repoProject\resource\operator\download\pdf...
2025-01-12 14:01:48,509 - INFO - Template berhasil disalin ke: C:\Users\LENOVO\Documents\Habbist\projectReal\ProgresProject\backend\playground\repoProject\resource\operator\download\pdf\index.html
2025-01-12 14:01:48,512 - INFO - Menyalin index.html ke folder C:\Users\LENOVO\Documents\Habbist\projectReal\ProgresProject\backend\playground\repoProject\resource\switchStatement\download...
2025-01-12 14:01:48,516 - INFO - Template berhasil disalin ke: C:\Users\LENOVO\Documents\Habbist\projectReal\ProgresProject\backend\playground\repoProject\resource\switchStatement\download\index.html
2025-01-12 14:01:48,522 - INFO - Menyalin index.html ke folder C:\Users\LENOVO\Documents\Habbist\projectReal\ProgresProject\backend\playground\repoProject\resource\switchStatement\download\md...
2025-01-12 14:01:48,530 - INFO - Template berhasil disalin ke: C:\Users\LENOVO\Documents\Habbist\projectReal\ProgresProject\backend\playground\repoProject\resource\switchStatement\download\md\index.html
2025-01-12 14:01:48,531 - INFO - Menyalin index.html ke folder C:\Users\LENOVO\Documents\Habbist\projectReal\ProgresProject\backend\playground\repoProject\resource\switchStatement\download\pdf...
2025-01-12 14:01:48,534 - INFO - Template berhasil disalin ke: C:\Users\LENOVO\Documents\Habbist\projectReal\ProgresProject\backend\playground\repoProject\resource\switchStatement\download\pdf\index.html
2025-01-12 14:01:48,537 - INFO - Menyalin index.html ke folder C:\Users\LENOVO\Documents\Habbist\projectReal\ProgresProject\backend\playground\repoProject\resource\varDeclaration\download...
2025-01-12 14:01:48,541 - INFO - Template berhasil disalin ke: C:\Users\LENOVO\Documents\Habbist\projectReal\ProgresProject\backend\playground\repoProject\resource\varDeclaration\download\index.html
2025-01-12 14:01:48,544 - INFO - Menyalin index.html ke folder C:\Users\LENOVO\Documents\Habbist\projectReal\ProgresProject\backend\playground\repoProject\resource\varDeclaration\download\md...
2025-01-12 14:01:48,547 - INFO - Template berhasil disalin ke: C:\Users\LENOVO\Documents\Habbist\projectReal\ProgresProject\backend\playground\repoProject\resource\varDeclaration\download\md\index.html
2025-01-12 14:01:48,548 - INFO - Menyalin index.html ke folder C:\Users\LENOVO\Documents\Habbist\projectReal\ProgresProject\backend\playground\repoProject\resource\varDeclaration\download\pdf...
2025-01-12 14:01:48,555 - INFO - Template berhasil disalin ke: C:\Users\LENOVO\Documents\Habbist\projectReal\ProgresProject\backend\playground\repoProject\resource\varDeclaration\download\pdf\index.html
2025-01-13 10:54:04,827 - INFO - Menyalin desktop.ini ke folder C:\Users\LENOVO\Documents\Habbist\projectReal\UpToGitHubRepo\repojs\src\Algoritma-dan-Struktur-Data...
2025-01-13 10:54:04,829 - INFO - Template berhasil disalin ke: C:\Users\LENOVO\Documents\Habbist\projectReal\UpToGitHubRepo\repojs\src\Algoritma-dan-Struktur-Data\desktop.ini
2025-01-13 10:54:04,829 - INFO - Menyalin desktop.ini ke folder C:\Users\LENOVO\Documents\Habbist\projectReal\UpToGitHubRepo\repojs\src\Dasar-Dasar-JavaScript...
2025-01-13 10:54:04,837 - INFO - Template berhasil disalin ke: C:\Users\LENOVO\Documents\Habbist\projectReal\UpToGitHubRepo\repojs\src\Dasar-Dasar-JavaScript\desktop.ini
2025-01-13 10:54:04,838 - INFO - Menyalin desktop.ini ke folder C:\Users\LENOVO\Documents\Habbist\projectReal\UpToGitHubRepo\repojs\src\Error-Handling...
2025-01-13 10:54:04,849 - INFO - Template berhasil disalin ke: C:\Users\LENOVO\Documents\Habbist\projectReal\UpToGitHubRepo\repojs\src\Error-Handling\desktop.ini
2025-01-13 10:54:04,856 - INFO - Menyalin desktop.ini ke folder C:\Users\LENOVO\Documents\Habbist\projectReal\UpToGitHubRepo\repojs\src\Fungsi...
2025-01-13 10:54:04,869 - INFO - Template berhasil disalin ke: C:\Users\LENOVO\Documents\Habbist\projectReal\UpToGitHubRepo\repojs\src\Fungsi\desktop.ini
2025-01-13 10:54:04,874 - INFO - Menyalin desktop.ini ke folder C:\Users\LENOVO\Documents\Habbist\projectReal\UpToGitHubRepo\repojs\src\Looping-dan-Itarasi...
2025-01-13 10:54:04,881 - INFO - Template berhasil disalin ke: C:\Users\LENOVO\Documents\Habbist\projectReal\UpToGitHubRepo\repojs\src\Looping-dan-Itarasi\desktop.ini
2025-01-13 10:54:04,882 - INFO - Menyalin desktop.ini ke folder C:\Users\LENOVO\Documents\Habbist\projectReal\UpToGitHubRepo\repojs\src\Modul...
2025-01-13 10:54:04,888 - INFO - Template berhasil disalin ke: C:\Users\LENOVO\Documents\Habbist\projectReal\UpToGitHubRepo\repojs\src\Modul\desktop.ini
2025-01-13 10:54:04,889 - INFO - Menyalin desktop.ini ke folder C:\Users\LENOVO\Documents\Habbist\projectReal\UpToGitHubRepo\repojs\src\Operasi-File-dan-Data...
2025-01-13 10:54:04,892 - INFO - Template berhasil disalin ke: C:\Users\LENOVO\Documents\Habbist\projectReal\UpToGitHubRepo\repojs\src\Operasi-File-dan-Data\desktop.ini
2025-01-13 10:54:04,895 - INFO - Menyalin desktop.ini ke folder C:\Users\LENOVO\Documents\Habbist\projectReal\UpToGitHubRepo\repojs\src\Pemrograman-Asinkron...
2025-01-13 10:54:04,899 - INFO - Template berhasil disalin ke: C:\Users\LENOVO\Documents\Habbist\projectReal\UpToGitHubRepo\repojs\src\Pemrograman-Asinkron\desktop.ini
2025-01-13 10:54:04,900 - INFO - Menyalin desktop.ini ke folder C:\Users\LENOVO\Documents\Habbist\projectReal\UpToGitHubRepo\repojs\src\Pemrograman-Berbasis-Objek...
2025-01-13 10:54:04,905 - INFO - Template berhasil disalin ke: C:\Users\LENOVO\Documents\Habbist\projectReal\UpToGitHubRepo\repojs\src\Pemrograman-Berbasis-Objek\desktop.ini
2025-01-13 10:54:04,908 - INFO - Menyalin desktop.ini ke folder C:\Users\LENOVO\Documents\Habbist\projectReal\UpToGitHubRepo\repojs\src\Praktik-Lanjutan...
2025-01-13 10:54:04,914 - INFO - Template berhasil disalin ke: C:\Users\LENOVO\Documents\Habbist\projectReal\UpToGitHubRepo\repojs\src\Praktik-Lanjutan\desktop.ini
2025-01-13 10:54:04,915 - INFO - Menyalin desktop.ini ke folder C:\Users\LENOVO\Documents\Habbist\projectReal\UpToGitHubRepo\repojs\src\Struktur-Data...
2025-01-13 10:54:04,966 - INFO - Template berhasil disalin ke: C:\Users\LENOVO\Documents\Habbist\projectReal\UpToGitHubRepo\repojs\src\Struktur-Data\desktop.ini
2025-01-13 10:54:04,991 - INFO - Menyalin desktop.ini ke folder C:\Users\LENOVO\Documents\Habbist\projectReal\UpToGitHubRepo\repojs\src\Struktur-Kontrol...
2025-01-13 10:54:05,065 - INFO - Template berhasil disalin ke: C:\Users\LENOVO\Documents\Habbist\projectReal\UpToGitHubRepo\repojs\src\Struktur-Kontrol\desktop.ini
2025-01-13 10:54:05,107 - INFO - Menyalin desktop.ini ke folder C:\Users\LENOVO\Documents\Habbist\projectReal\UpToGitHubRepo\repojs\src\Tools-dan-Debugging...
2025-01-13 10:54:05,119 - INFO - Template berhasil disalin ke: C:\Users\LENOVO\Documents\Habbist\projectReal\UpToGitHubRepo\repojs\src\Tools-dan-Debugging\desktop.ini
